<?xml version="1.0" encoding="UTF-8" standalone="yes"?><!DOCTYPE report PUBLIC "-//JACOCO//DTD Report 1.1//EN" "report.dtd"><report name="access-profile-service"><sessioninfo id="DESKTOP-RPQKAVU-95a220d9" start="1778394728061" dump="1778394734832"/><package name="com/gigu/accessprofile/application/service"><class name="com/gigu/accessprofile/application/service/AccessProfileApplicationService$LoginResult" sourcefilename="AccessProfileApplicationService.java"><method name="&lt;init&gt;" desc="(Ljava/lang/String;Lcom/gigu/accessprofile/domain/model/User;)V" line="18"><counter type="INSTRUCTION" missed="0" covered="9"/><counter type="LINE" missed="0" covered="1"/><counter type="COMPLEXITY" missed="0" covered="1"/><counter type="METHOD" missed="0" covered="1"/></method><counter type="INSTRUCTION" missed="0" covered="9"/><counter type="LINE" missed="0" covered="1"/><counter type="COMPLEXITY" missed="0" covered="1"/><counter type="METHOD" missed="0" covered="1"/><counter type="CLASS" missed="0" covered="1"/></class><class name="com/gigu/accessprofile/application/service/AccessProfileApplicationService" sourcefilename="AccessProfileApplicationService.java"><method name="&lt;init&gt;" desc="(Lcom/gigu/accessprofile/application/port/out/UserRepositoryPort;Lcom/gigu/accessprofile/application/port/out/ProfileRepositoryPort;Lcom/gigu/accessprofile/application/port/out/PasswordHasherPort;Lcom/gigu/accessprofile/application/port/out/TokenProviderPort;Lcom/gigu/accessprofile/application/port/out/StoragePort;)V" line="25"><counter type="INSTRUCTION" missed="0" covered="18"/><counter type="LINE" missed="0" covered="7"/><counter type="COMPLEXITY" missed="0" covered="1"/><counter type="METHOD" missed="0" covered="1"/></method><method name="signUp" desc="(Lcom/gigu/accessprofile/application/dto/SignUpCommand;)Lcom/gigu/accessprofile/domain/model/User;" line="34"><counter type="INSTRUCTION" missed="5" covered="58"/><counter type="BRANCH" missed="2" covered="4"/><counter type="LINE" missed="0" covered="6"/><counter type="COMPLEXITY" missed="2" covered="2"/><counter type="METHOD" missed="0" covered="1"/></method><method name="login" desc="(Lcom/gigu/accessprofile/application/dto/LoginCommand;)Lcom/gigu/accessprofile/application/service/AccessProfileApplicationService$LoginResult;" line="43"><counter type="INSTRUCTION" missed="5" covered="27"/><counter type="BRANCH" missed="1" covered="1"/><counter type="LINE" missed="0" covered="3"/><counter type="COMPLEXITY" missed="1" covered="1"/><counter type="METHOD" missed="0" covered="1"/></method><method name="me" desc="(Ljava/util/UUID;)Lcom/gigu/accessprofile/domain/model/User;" line="49"><counter type="INSTRUCTION" missed="0" covered="8"/><counter type="LINE" missed="0" covered="1"/><counter type="COMPLEXITY" missed="0" covered="1"/><counter type="METHOD" missed="0" covered="1"/></method><method name="publicFreelancerProfile" desc="(Ljava/util/UUID;)Lcom/gigu/accessprofile/domain/model/FreelancerProfile;" line="52"><counter type="INSTRUCTION" missed="0" covered="8"/><counter type="LINE" missed="0" covered="1"/><counter type="COMPLEXITY" missed="0" covered="1"/><counter type="METHOD" missed="0" covered="1"/></method><method name="updateMyFreelancerProfile" desc="(Ljava/util/UUID;Ljava/util/Set;Lcom/gigu/accessprofile/application/dto/UpdateProfileCommand;)Lcom/gigu/accessprofile/domain/model/FreelancerProfile;" line="55"><counter type="INSTRUCTION" missed="0" covered="18"/><counter type="BRANCH" missed="0" covered="2"/><counter type="LINE" missed="0" covered="2"/><counter type="COMPLEXITY" missed="0" covered="2"/><counter type="METHOD" missed="0" covered="1"/></method><method name="addMyPortfolioItem" desc="(Ljava/util/UUID;Ljava/util/Set;Lcom/gigu/accessprofile/application/dto/UploadPortfolioCommand;)Lcom/gigu/accessprofile/domain/model/PortfolioItem;" line="60"><counter type="INSTRUCTION" missed="0" covered="38"/><counter type="BRANCH" missed="0" covered="2"/><counter type="LINE" missed="0" covered="3"/><counter type="COMPLEXITY" missed="0" covered="2"/><counter type="METHOD" missed="0" covered="1"/></method><method name="deleteMyPortfolioItem" desc="(Ljava/util/UUID;Ljava/util/Set;Ljava/util/UUID;)V" line="66"><counter type="INSTRUCTION" missed="0" covered="15"/><counter type="BRANCH" missed="0" covered="2"/><counter type="LINE" missed="0" covered="3"/><counter type="COMPLEXITY" missed="0" covered="2"/><counter type="METHOD" missed="0" covered="1"/></method><method name="lambda$publicFreelancerProfile$2" desc="()Ljava/lang/IllegalArgumentException;" line="52"><counter type="INSTRUCTION" missed="5" covered="0"/><counter type="LINE" missed="1" covered="0"/><counter type="COMPLEXITY" missed="1" covered="0"/><counter type="METHOD" missed="1" covered="0"/></method><method name="lambda$me$1" desc="()Ljava/lang/IllegalArgumentException;" line="49"><counter type="INSTRUCTION" missed="5" covered="0"/><counter type="LINE" missed="1" covered="0"/><counter type="COMPLEXITY" missed="1" covered="0"/><counter type="METHOD" missed="1" covered="0"/></method><method name="lambda$login$0" desc="()Ljava/lang/IllegalArgumentException;" line="43"><counter type="INSTRUCTION" missed="0" covered="5"/><counter type="LINE" missed="0" covered="1"/><counter type="COMPLEXITY" missed="0" covered="1"/><counter type="METHOD" missed="0" covered="1"/></method><counter type="INSTRUCTION" missed="20" covered="195"/><counter type="BRANCH" missed="3" covered="11"/><counter type="LINE" missed="0" covered="26"/><counter type="COMPLEXITY" missed="5" covered="13"/><counter type="METHOD" missed="2" covered="9"/><counter type="CLASS" missed="0" covered="1"/></class><sourcefile name="AccessProfileApplicationService.java"><line nr="18" mi="0" ci="9" mb="0" cb="0"/><line nr="25" mi="0" ci="2" mb="0" cb="0"/><line nr="26" mi="0" ci="3" mb="0" cb="0"/><line nr="27" mi="0" ci="3" mb="0" cb="0"/><line nr="28" mi="0" ci="3" mb="0" cb="0"/><line nr="29" mi="0" ci="3" mb="0" cb="0"/><line nr="30" mi="0" ci="3" mb="0" cb="0"/><line nr="31" mi="0" ci="1" mb="0" cb="0"/><line nr="34" mi="0" ci="11" mb="0" cb="2"/><line nr="35" mi="5" ci="4" mb="1" cb="1"/><line nr="36" mi="0" ci="21" mb="0" cb="0"/><line nr="37" mi="0" ci="5" mb="0" cb="0"/><line nr="38" mi="0" ci="15" mb="1" cb="1"/><line nr="39" mi="0" ci="2" mb="0" cb="0"/><line nr="43" mi="0" ci="15" mb="0" cb="0"/><line nr="44" mi="5" ci="8" mb="1" cb="1"/><line nr="45" mi="0" ci="9" mb="0" cb="0"/><line nr="49" mi="5" ci="8" mb="0" cb="0"/><line nr="52" mi="5" ci="8" mb="0" cb="0"/><line nr="55" mi="0" ci="9" mb="0" cb="2"/><line nr="56" mi="0" ci="9" mb="0" cb="0"/><line nr="60" mi="0" ci="9" mb="0" cb="2"/><line nr="61" mi="0" ci="10" mb="0" cb="0"/><line nr="62" mi="0" ci="19" mb="0" cb="0"/><line nr="66" mi="0" ci="9" mb="0" cb="2"/><line nr="67" mi="0" ci="5" mb="0" cb="0"/><line nr="68" mi="0" ci="1" mb="0" cb="0"/><counter type="INSTRUCTION" missed="20" covered="204"/><counter type="BRANCH" missed="3" covered="11"/><counter type="LINE" missed="0" covered="27"/><counter type="COMPLEXITY" missed="5" covered="14"/><counter type="METHOD" missed="2" covered="10"/><counter type="CLASS" missed="0" covered="2"/></sourcefile><counter type="INSTRUCTION" missed="20" covered="204"/><counter type="BRANCH" missed="3" covered="11"/><counter type="LINE" missed="0" covered="27"/><counter type="COMPLEXITY" missed="5" covered="14"/><counter type="METHOD" missed="2" covered="10"/><counter type="CLASS" missed="0" covered="2"/></package><counter type="INSTRUCTION" missed="20" covered="204"/><counter type="BRANCH" missed="3" covered="11"/><counter type="LINE" missed="0" covered="27"/><counter type="COMPLEXITY" missed="5" covered="14"/><counter type="METHOD" missed="2" covered="10"/><counter type="CLASS" missed="0" covered="2"/></report>