<?xml version="1.0" encoding="UTF-8" standalone="yes"?><!DOCTYPE report PUBLIC "-//JACOCO//DTD Report 1.1//EN" "report.dtd"><report name="chat-notification-service"><sessioninfo id="DESKTOP-RPQKAVU-31fd8613" start="1778394747156" dump="1778394750652"/><package name="com/gigu/chatnotification/application/service"><class name="com/gigu/chatnotification/application/service/ChatNotificationApplicationService" sourcefilename="ChatNotificationApplicationService.java"><method name="&lt;init&gt;" desc="(Lcom/gigu/chatnotification/application/port/out/ChatNotificationRepositoryPort;)V" line="16"><counter type="INSTRUCTION" missed="0" covered="6"/><counter type="LINE" missed="0" covered="1"/><counter type="COMPLEXITY" missed="0" covered="1"/><counter type="METHOD" missed="0" covered="1"/></method><method name="createOrOpenConversation" desc="(Lcom/gigu/chatnotification/application/dto/CreateConversationCommand;)Lcom/gigu/chatnotification/domain/model/Conversation;" line="19"><counter type="INSTRUCTION" missed="0" covered="58"/><counter type="BRANCH" missed="0" covered="8"/><counter type="LINE" missed="0" covered="5"/><counter type="COMPLEXITY" missed="0" covered="5"/><counter type="METHOD" missed="0" covered="1"/></method><method name="listConversations" desc="(Ljava/util/UUID;)Ljava/util/List;" line="25"><counter type="INSTRUCTION" missed="0" covered="5"/><counter type="LINE" missed="0" covered="1"/><counter type="COMPLEXITY" missed="0" covered="1"/><counter type="METHOD" missed="0" covered="1"/></method><method name="getConversation" desc="(Ljava/util/UUID;Ljava/util/UUID;)Lcom/gigu/chatnotification/domain/model/Conversation;" line="26"><counter type="INSTRUCTION" missed="0" covered="21"/><counter type="BRANCH" missed="0" covered="2"/><counter type="LINE" missed="0" covered="1"/><counter type="COMPLEXITY" missed="0" covered="2"/><counter type="METHOD" missed="0" covered="1"/></method><method name="listMessages" desc="(Ljava/util/UUID;Ljava/util/UUID;II)Lcom/gigu/chatnotification/application/port/in/ChatNotificationUseCase$PagedMessages;" line="27"><counter type="INSTRUCTION" missed="0" covered="28"/><counter type="BRANCH" missed="0" covered="2"/><counter type="LINE" missed="0" covered="1"/><counter type="COMPLEXITY" missed="0" covered="2"/><counter type="METHOD" missed="0" covered="1"/></method><method name="sendMessage" desc="(Ljava/util/UUID;Lcom/gigu/chatnotification/application/dto/SendMessageCommand;)Lcom/gigu/chatnotification/domain/model/Message;" line="28"><counter type="INSTRUCTION" missed="2" covered="85"/><counter type="BRANCH" missed="2" covered="8"/><counter type="LINE" missed="0" covered="1"/><counter type="COMPLEXITY" missed="2" covered="4"/><counter type="METHOD" missed="0" covered="1"/></method><method name="listNotifications" desc="(Ljava/util/UUID;Ljava/lang/Boolean;II)Lcom/gigu/chatnotification/application/port/in/ChatNotificationUseCase$PagedNotifications;" line="29"><counter type="INSTRUCTION" missed="0" covered="18"/><counter type="LINE" missed="0" covered="1"/><counter type="COMPLEXITY" missed="0" covered="1"/><counter type="METHOD" missed="0" covered="1"/></method><method name="markRead" desc="(Ljava/util/UUID;Ljava/util/UUID;)Lcom/gigu/chatnotification/domain/model/Notification;" line="30"><counter type="INSTRUCTION" missed="0" covered="43"/><counter type="BRANCH" missed="0" covered="2"/><counter type="LINE" missed="0" covered="1"/><counter type="COMPLEXITY" missed="0" covered="2"/><counter type="METHOD" missed="0" covered="1"/></method><method name="markAllRead" desc="(Ljava/util/UUID;)I" line="31"><counter type="INSTRUCTION" missed="0" covered="5"/><counter type="LINE" missed="0" covered="1"/><counter type="COMPLEXITY" missed="0" covered="1"/><counter type="METHOD" missed="0" covered="1"/></method><method name="createReport" desc="(Lcom/gigu/chatnotification/application/dto/CreateReportCommand;)Lcom/gigu/chatnotification/domain/model/UserReport;" line="32"><counter type="INSTRUCTION" missed="0" covered="29"/><counter type="BRANCH" missed="0" covered="2"/><counter type="LINE" missed="0" covered="1"/><counter type="COMPLEXITY" missed="0" covered="2"/><counter type="METHOD" missed="0" covered="1"/></method><method name="createSupportTicket" desc="(Lcom/gigu/chatnotification/application/dto/CreateTicketCommand;)Lcom/gigu/chatnotification/domain/model/SupportTicket;" line="33"><counter type="INSTRUCTION" missed="0" covered="35"/><counter type="BRANCH" missed="3" covered="5"/><counter type="LINE" missed="0" covered="1"/><counter type="COMPLEXITY" missed="3" covered="2"/><counter type="METHOD" missed="0" covered="1"/></method><method name="createInternalNotification" desc="(Lcom/gigu/chatnotification/application/dto/CreateInternalNotificationCommand;)Lcom/gigu/chatnotification/domain/model/Notification;" line="34"><counter type="INSTRUCTION" missed="0" covered="23"/><counter type="LINE" missed="0" covered="1"/><counter type="COMPLEXITY" missed="0" covered="1"/><counter type="METHOD" missed="0" covered="1"/></method><method name="lambda$markRead$2" desc="()Ljava/lang/IllegalArgumentException;" line="30"><counter type="INSTRUCTION" missed="0" covered="5"/><counter type="LINE" missed="0" covered="1"/><counter type="COMPLEXITY" missed="0" covered="1"/><counter type="METHOD" missed="0" covered="1"/></method><method name="lambda$getConversation$1" desc="()Ljava/lang/IllegalArgumentException;" line="26"><counter type="INSTRUCTION" missed="0" covered="5"/><counter type="LINE" missed="0" covered="1"/><counter type="COMPLEXITY" missed="0" covered="1"/><counter type="METHOD" missed="0" covered="1"/></method><method name="lambda$createOrOpenConversation$0" desc="(Ljava/util/UUID;Ljava/util/UUID;Lcom/gigu/chatnotification/application/dto/CreateConversationCommand;)Lcom/gigu/chatnotification/domain/model/Conversation;" line="23"><counter type="INSTRUCTION" missed="0" covered="13"/><counter type="LINE" missed="0" covered="1"/><counter type="COMPLEXITY" missed="0" covered="1"/><counter type="METHOD" missed="0" covered="1"/></method><counter type="INSTRUCTION" missed="2" covered="379"/><counter type="BRANCH" missed="5" covered="29"/><counter type="LINE" missed="0" covered="16"/><counter type="COMPLEXITY" missed="5" covered="27"/><counter type="METHOD" missed="0" covered="15"/><counter type="CLASS" missed="0" covered="1"/></class><sourcefile name="ChatNotificationApplicationService.java"><line nr="16" mi="0" ci="6" mb="0" cb="0"/><line nr="19" mi="0" ci="8" mb="0" cb="2"/><line nr="20" mi="0" ci="11" mb="0" cb="2"/><line nr="21" mi="0" ci="12" mb="0" cb="2"/><line nr="22" mi="0" ci="12" mb="0" cb="2"/><line nr="23" mi="0" ci="28" mb="0" cb="0"/><line nr="25" mi="0" ci="5" mb="0" cb="0"/><line nr="26" mi="0" ci="26" mb="0" cb="2"/><line nr="27" mi="0" ci="28" mb="0" cb="2"/><line nr="28" mi="2" ci="85" mb="2" cb="8"/><line nr="29" mi="0" ci="18" mb="0" cb="0"/><line nr="30" mi="0" ci="48" mb="0" cb="2"/><line nr="31" mi="0" ci="5" mb="0" cb="0"/><line nr="32" mi="0" ci="29" mb="0" cb="2"/><line nr="33" mi="0" ci="35" mb="3" cb="5"/><line nr="34" mi="0" ci="23" mb="0" cb="0"/><counter type="INSTRUCTION" missed="2" covered="379"/><counter type="BRANCH" missed="5" covered="29"/><counter type="LINE" missed="0" covered="16"/><counter type="COMPLEXITY" missed="5" covered="27"/><counter type="METHOD" missed="0" covered="15"/><counter type="CLASS" missed="0" covered="1"/></sourcefile><counter type="INSTRUCTION" missed="2" covered="379"/><counter type="BRANCH" missed="5" covered="29"/><counter type="LINE" missed="0" covered="16"/><counter type="COMPLEXITY" missed="5" covered="27"/><counter type="METHOD" missed="0" covered="15"/><counter type="CLASS" missed="0" covered="1"/></package><counter type="INSTRUCTION" missed="2" covered="379"/><counter type="BRANCH" missed="5" covered="29"/><counter type="LINE" missed="0" covered="16"/><counter type="COMPLEXITY" missed="5" covered="27"/><counter type="METHOD" missed="0" covered="15"/><counter type="CLASS" missed="0" covered="1"/></report>