<?xml version="1.0" encoding="UTF-8" standalone="yes"?><!DOCTYPE report PUBLIC "-//JACOCO//DTD Report 1.1//EN" "report.dtd"><report name="pull-engagement-service"><sessioninfo id="DESKTOP-RPQKAVU-d35a4881" start="1778394728664" dump="1778394737058"/><package name="com/gigu/engagement/application/service"><class name="com/gigu/engagement/application/service/EngagementApplicationService" sourcefilename="EngagementApplicationService.java"><method name="&lt;init&gt;" desc="(Lcom/gigu/engagement/application/port/out/EngagementRepositoryPort;Lcom/gigu/engagement/application/port/out/MarketplaceServiceClientPort;Lcom/gigu/engagement/application/port/out/AccessProfileClientPort;Lcom/gigu/engagement/application/port/out/NotificationClientPort;Lcom/gigu/engagement/domain/policy/ProjectStatusPolicy;Lcom/gigu/engagement/domain/policy/PriceSuggestionPolicy;)V" line="22"><counter type="INSTRUCTION" missed="0" covered="21"/><counter type="LINE" missed="0" covered="1"/><counter type="COMPLEXITY" missed="0" covered="1"/><counter type="METHOD" missed="0" covered="1"/></method><method name="createRequest" desc="(Lcom/gigu/engagement/application/dto/CreateRequestCommand;)Lcom/gigu/engagement/domain/model/ProjectRequest;" line="25"><counter type="INSTRUCTION" missed="5" covered="98"/><counter type="BRANCH" missed="2" covered="12"/><counter type="LINE" missed="0" covered="9"/><counter type="COMPLEXITY" missed="2" covered="6"/><counter type="METHOD" missed="0" covered="1"/></method><method name="incoming" desc="(Ljava/lang/String;Ljava/lang/String;)Ljava/util/List;" line="36"><counter type="INSTRUCTION" missed="0" covered="15"/><counter type="BRANCH" missed="0" covered="2"/><counter type="LINE" missed="0" covered="1"/><counter type="COMPLEXITY" missed="0" covered="2"/><counter type="METHOD" missed="0" covered="1"/></method><method name="outgoing" desc="(Ljava/lang/String;Ljava/lang/String;)Ljava/util/List;" line="37"><counter type="INSTRUCTION" missed="0" covered="15"/><counter type="BRANCH" missed="0" covered="2"/><counter type="LINE" missed="0" covered="1"/><counter type="COMPLEXITY" missed="0" covered="2"/><counter type="METHOD" missed="0" covered="1"/></method><method name="decide" desc="(Ljava/util/UUID;Lcom/gigu/engagement/application/dto/DecisionCommand;)Lcom/gigu/engagement/application/port/in/EngagementUseCase$DecisionResult;" line="40"><counter type="INSTRUCTION" missed="16" covered="185"/><counter type="BRANCH" missed="3" covered="7"/><counter type="LINE" missed="0" covered="12"/><counter type="COMPLEXITY" missed="3" covered="3"/><counter type="METHOD" missed="0" covered="1"/></method><method name="projects" desc="(Ljava/lang/String;)Ljava/util/List;" line="55"><counter type="INSTRUCTION" missed="6" covered="0"/><counter type="LINE" missed="1" covered="0"/><counter type="COMPLEXITY" missed="1" covered="0"/><counter type="METHOD" missed="1" covered="0"/></method><method name="projectDetail" desc="(Ljava/util/UUID;Ljava/lang/String;)Lcom/gigu/engagement/application/port/in/EngagementUseCase$ProjectDetail;" line="56"><counter type="INSTRUCTION" missed="9" covered="25"/><counter type="BRANCH" missed="2" covered="2"/><counter type="LINE" missed="0" covered="1"/><counter type="COMPLEXITY" missed="2" covered="1"/><counter type="METHOD" missed="0" covered="1"/></method><method name="updateStatus" desc="(Ljava/util/UUID;Lcom/gigu/engagement/application/dto/UpdateStatusCommand;)Lcom/gigu/engagement/application/port/in/EngagementUseCase$StatusUpdateResult;" line="59"><counter type="INSTRUCTION" missed="8" covered="117"/><counter type="BRANCH" missed="2" covered="6"/><counter type="LINE" missed="0" covered="8"/><counter type="COMPLEXITY" missed="2" covered="3"/><counter type="METHOD" missed="0" covered="1"/></method><method name="createReview" desc="(Ljava/util/UUID;Lcom/gigu/engagement/application/dto/CreateReviewCommand;)Lcom/gigu/engagement/domain/model/Review;" line="70"><counter type="INSTRUCTION" missed="22" covered="103"/><counter type="BRANCH" missed="5" covered="11"/><counter type="LINE" missed="0" covered="12"/><counter type="COMPLEXITY" missed="4" covered="5"/><counter type="METHOD" missed="0" covered="1"/></method><method name="reviews" desc="(Ljava/util/UUID;Ljava/lang/String;)Ljava/util/List;" line="84"><counter type="INSTRUCTION" missed="0" covered="30"/><counter type="BRANCH" missed="1" covered="3"/><counter type="LINE" missed="0" covered="1"/><counter type="COMPLEXITY" missed="1" covered="2"/><counter type="METHOD" missed="0" covered="1"/></method><method name="suggest" desc="(Lcom/gigu/engagement/application/dto/PriceSuggestionCommand;)Lcom/gigu/engagement/domain/model/PriceSuggestion;" line="85"><counter type="INSTRUCTION" missed="0" covered="12"/><counter type="LINE" missed="0" covered="1"/><counter type="COMPLEXITY" missed="0" covered="1"/><counter type="METHOD" missed="0" covered="1"/></method><method name="lambda$reviews$4" desc="()Ljava/lang/IllegalArgumentException;" line="84"><counter type="INSTRUCTION" missed="5" covered="0"/><counter type="LINE" missed="1" covered="0"/><counter type="COMPLEXITY" missed="1" covered="0"/><counter type="METHOD" missed="1" covered="0"/></method><method name="lambda$createReview$3" desc="()Ljava/lang/IllegalArgumentException;" line="70"><counter type="INSTRUCTION" missed="5" covered="0"/><counter type="LINE" missed="1" covered="0"/><counter type="COMPLEXITY" missed="1" covered="0"/><counter type="METHOD" missed="1" covered="0"/></method><method name="lambda$updateStatus$2" desc="()Ljava/lang/IllegalArgumentException;" line="59"><counter type="INSTRUCTION" missed="5" covered="0"/><counter type="LINE" missed="1" covered="0"/><counter type="COMPLEXITY" missed="1" covered="0"/><counter type="METHOD" missed="1" covered="0"/></method><method name="lambda$projectDetail$1" desc="()Ljava/lang/IllegalArgumentException;" line="56"><counter type="INSTRUCTION" missed="5" covered="0"/><counter type="LINE" missed="1" covered="0"/><counter type="COMPLEXITY" missed="1" covered="0"/><counter type="METHOD" missed="1" covered="0"/></method><method name="lambda$decide$0" desc="()Ljava/lang/IllegalArgumentException;" line="40"><counter type="INSTRUCTION" missed="5" covered="0"/><counter type="LINE" missed="1" covered="0"/><counter type="COMPLEXITY" missed="1" covered="0"/><counter type="METHOD" missed="1" covered="0"/></method><method name="&lt;clinit&gt;" desc="()V" line="20"><counter type="INSTRUCTION" missed="0" covered="4"/><counter type="LINE" missed="0" covered="1"/><counter type="COMPLEXITY" missed="0" covered="1"/><counter type="METHOD" missed="0" covered="1"/></method><counter type="INSTRUCTION" missed="91" covered="625"/><counter type="BRANCH" missed="15" covered="45"/><counter type="LINE" missed="1" covered="48"/><counter type="COMPLEXITY" missed="20" covered="27"/><counter type="METHOD" missed="6" covered="11"/><counter type="CLASS" missed="0" covered="1"/></class><sourcefile name="EngagementApplicationService.java"><line nr="20" mi="0" ci="4" mb="0" cb="0"/><line nr="22" mi="0" ci="21" mb="0" cb="0"/><line nr="25" mi="0" ci="8" mb="0" cb="2"/><line nr="26" mi="5" ci="9" mb="2" cb="2"/><line nr="27" mi="0" ci="8" mb="0" cb="2"/><line nr="28" mi="0" ci="11" mb="0" cb="2"/><line nr="29" mi="0" ci="11" mb="0" cb="2"/><line nr="30" mi="0" ci="11" mb="0" cb="2"/><line nr="31" mi="0" ci="24" mb="0" cb="0"/><line nr="32" mi="0" ci="14" mb="0" cb="0"/><line nr="33" mi="0" ci="2" mb="0" cb="0"/><line nr="36" mi="0" ci="15" mb="0" cb="2"/><line nr="37" mi="0" ci="15" mb="0" cb="2"/><line nr="40" mi="5" ci="8" mb="0" cb="0"/><line nr="41" mi="0" ci="17" mb="1" cb="3"/><line nr="42" mi="0" ci="4" mb="0" cb="2"/><line nr="43" mi="0" ci="26" mb="0" cb="0"/><line nr="44" mi="6" ci="26" mb="2" cb="2"/><line nr="45" mi="0" ci="25" mb="0" cb="0"/><line nr="46" mi="0" ci="13" mb="0" cb="0"/><line nr="47" mi="5" ci="9" mb="0" cb="0"/><line nr="48" mi="0" ci="11" mb="0" cb="0"/><line nr="50" mi="0" ci="26" mb="0" cb="0"/><line nr="51" mi="5" ci="9" mb="0" cb="0"/><line nr="52" mi="0" ci="11" mb="0" cb="0"/><line nr="55" mi="6" ci="0" mb="0" cb="0"/><line nr="56" mi="14" ci="25" mb="2" cb="2"/><line nr="59" mi="5" ci="8" mb="0" cb="0"/><line nr="60" mi="0" ci="19" mb="1" cb="3"/><line nr="61" mi="0" ci="14" mb="0" cb="2"/><line nr="62" mi="0" ci="28" mb="0" cb="0"/><line nr="63" mi="0" ci="15" mb="0" cb="0"/><line nr="64" mi="3" ci="12" mb="1" cb="1"/><line nr="65" mi="5" ci="7" mb="0" cb="0"/><line nr="66" mi="0" ci="14" mb="0" cb="0"/><line nr="70" mi="5" ci="8" mb="0" cb="0"/><line nr="71" mi="0" ci="9" mb="0" cb="2"/><line nr="72" mi="0" ci="4" mb="0" cb="0"/><line nr="73" mi="10" ci="5" mb="3" cb="1"/><line nr="74" mi="2" ci="9" mb="1" cb="1"/><line nr="75" mi="0" ci="10" mb="0" cb="2"/><line nr="76" mi="0" ci="13" mb="1" cb="3"/><line nr="77" mi="0" ci="11" mb="0" cb="2"/><line nr="78" mi="0" ci="17" mb="0" cb="0"/><line nr="79" mi="5" ci="9" mb="0" cb="0"/><line nr="80" mi="5" ci="6" mb="0" cb="0"/><line nr="81" mi="0" ci="2" mb="0" cb="0"/><line nr="84" mi="5" ci="30" mb="1" cb="3"/><line nr="85" mi="0" ci="12" mb="0" cb="0"/><counter type="INSTRUCTION" missed="91" covered="625"/><counter type="BRANCH" missed="15" covered="45"/><counter type="LINE" missed="1" covered="48"/><counter type="COMPLEXITY" missed="20" covered="27"/><counter type="METHOD" missed="6" covered="11"/><counter type="CLASS" missed="0" covered="1"/></sourcefile><counter type="INSTRUCTION" missed="91" covered="625"/><counter type="BRANCH" missed="15" covered="45"/><counter type="LINE" missed="1" covered="48"/><counter type="COMPLEXITY" missed="20" covered="27"/><counter type="METHOD" missed="6" covered="11"/><counter type="CLASS" missed="0" covered="1"/></package><counter type="INSTRUCTION" missed="91" covered="625"/><counter type="BRANCH" missed="15" covered="45"/><counter type="LINE" missed="1" covered="48"/><counter type="COMPLEXITY" missed="20" covered="27"/><counter type="METHOD" missed="6" covered="11"/><counter type="CLASS" missed="0" covered="1"/></report>