<?xml version="1.0" encoding="UTF-8" standalone="yes"?><!DOCTYPE report PUBLIC "-//JACOCO//DTD Report 1.1//EN" "report.dtd"><report name="gig-marketplace-service"><sessioninfo id="DESKTOP-RPQKAVU-6cf8ea08" start="1778392976156" dump="1778392979241"/><package name="com/gigu/marketplace/application/service"><class name="com/gigu/marketplace/application/service/MarketplaceApplicationService" sourcefilename="MarketplaceApplicationService.java"><method name="&lt;init&gt;" desc="(Lcom/gigu/marketplace/application/port/out/ServiceOfferingRepositoryPort;Lcom/gigu/marketplace/application/port/out/CategoryRepositoryPort;Lcom/gigu/marketplace/application/port/out/MediaRepositoryPort;Lcom/gigu/marketplace/application/port/out/StoragePort;)V" line="17"><counter type="INSTRUCTION" missed="0" covered="15"/><counter type="LINE" missed="0" covered="1"/><counter type="COMPLEXITY" missed="0" covered="1"/><counter type="METHOD" missed="0" covered="1"/></method><method name="createService" desc="(Lcom/gigu/marketplace/application/dto/CreateServiceCommand;)Lcom/gigu/marketplace/domain/model/ServiceOffering;" line="20"><counter type="INSTRUCTION" missed="0" covered="62"/><counter type="BRANCH" missed="1" covered="5"/><counter type="LINE" missed="0" covered="4"/><counter type="COMPLEXITY" missed="1" covered="3"/><counter type="METHOD" missed="0" covered="1"/></method><method name="updateService" desc="(Ljava/util/UUID;Lcom/gigu/marketplace/application/dto/UpdateServiceCommand;)Lcom/gigu/marketplace/domain/model/ServiceOffering;" line="26"><counter type="INSTRUCTION" missed="9" covered="69"/><counter type="BRANCH" missed="4" covered="6"/><counter type="LINE" missed="0" covered="3"/><counter type="COMPLEXITY" missed="4" covered="2"/><counter type="METHOD" missed="0" covered="1"/></method><method name="softDeleteService" desc="(Ljava/util/UUID;Ljava/lang/String;Ljava/lang/String;)V" line="31"><counter type="INSTRUCTION" missed="5" covered="52"/><counter type="BRANCH" missed="2" covered="2"/><counter type="LINE" missed="0" covered="4"/><counter type="COMPLEXITY" missed="2" covered="1"/><counter type="METHOD" missed="0" covered="1"/></method><method name="uploadMedia" desc="(Ljava/util/UUID;Ljava/lang/String;Ljava/lang/String;Ljava/lang/String;[BZ)Lcom/gigu/marketplace/domain/model/ServiceMedia;" line="36"><counter type="INSTRUCTION" missed="0" covered="59"/><counter type="BRANCH" missed="2" covered="4"/><counter type="LINE" missed="0" covered="5"/><counter type="COMPLEXITY" missed="2" covered="2"/><counter type="METHOD" missed="0" covered="1"/></method><method name="deleteMedia" desc="(Ljava/util/UUID;Ljava/util/UUID;Ljava/lang/String;Ljava/lang/String;)V" line="43"><counter type="INSTRUCTION" missed="5" covered="30"/><counter type="BRANCH" missed="2" covered="2"/><counter type="LINE" missed="0" covered="5"/><counter type="COMPLEXITY" missed="2" covered="1"/><counter type="METHOD" missed="0" covered="1"/></method><method name="search" desc="(Lcom/gigu/marketplace/application/dto/SearchQuery;)Lcom/gigu/marketplace/application/port/in/query/MarketplaceQueryUseCase$PagedResult;" line="48"><counter type="INSTRUCTION" missed="0" covered="17"/><counter type="LINE" missed="0" covered="1"/><counter type="COMPLEXITY" missed="0" covered="1"/><counter type="METHOD" missed="0" covered="1"/></method><method name="detail" desc="(Ljava/util/UUID;)Lcom/gigu/marketplace/domain/model/ServiceOffering;" line="49"><counter type="INSTRUCTION" missed="0" covered="8"/><counter type="LINE" missed="0" covered="1"/><counter type="COMPLEXITY" missed="0" covered="1"/><counter type="METHOD" missed="0" covered="1"/></method><method name="mine" desc="(Ljava/util/UUID;)Ljava/util/List;" line="50"><counter type="INSTRUCTION" missed="0" covered="5"/><counter type="LINE" missed="0" covered="1"/><counter type="COMPLEXITY" missed="0" covered="1"/><counter type="METHOD" missed="0" covered="1"/></method><method name="categories" desc="()Ljava/util/List;" line="51"><counter type="INSTRUCTION" missed="0" covered="4"/><counter type="LINE" missed="0" covered="1"/><counter type="COMPLEXITY" missed="0" covered="1"/><counter type="METHOD" missed="0" covered="1"/></method><method name="lambda$detail$6" desc="()Ljava/lang/IllegalArgumentException;" line="49"><counter type="INSTRUCTION" missed="5" covered="0"/><counter type="LINE" missed="1" covered="0"/><counter type="COMPLEXITY" missed="1" covered="0"/><counter type="METHOD" missed="1" covered="0"/></method><method name="lambda$deleteMedia$5" desc="()Ljava/lang/IllegalArgumentException;" line="45"><counter type="INSTRUCTION" missed="5" covered="0"/><counter type="LINE" missed="1" covered="0"/><counter type="COMPLEXITY" missed="1" covered="0"/><counter type="METHOD" missed="1" covered="0"/></method><method name="lambda$deleteMedia$4" desc="()Ljava/lang/IllegalArgumentException;" line="43"><counter type="INSTRUCTION" missed="5" covered="0"/><counter type="LINE" missed="1" covered="0"/><counter type="COMPLEXITY" missed="1" covered="0"/><counter type="METHOD" missed="1" covered="0"/></method><method name="lambda$uploadMedia$3" desc="()Ljava/lang/IllegalArgumentException;" line="36"><counter type="INSTRUCTION" missed="5" covered="0"/><counter type="LINE" missed="1" covered="0"/><counter type="COMPLEXITY" missed="1" covered="0"/><counter type="METHOD" missed="1" covered="0"/></method><method name="lambda$softDeleteService$2" desc="()Ljava/lang/IllegalArgumentException;" line="31"><counter type="INSTRUCTION" missed="5" covered="0"/><counter type="LINE" missed="1" covered="0"/><counter type="COMPLEXITY" missed="1" covered="0"/><counter type="METHOD" missed="1" covered="0"/></method><method name="lambda$updateService$1" desc="()Ljava/lang/IllegalArgumentException;" line="26"><counter type="INSTRUCTION" missed="5" covered="0"/><counter type="LINE" missed="1" covered="0"/><counter type="COMPLEXITY" missed="1" covered="0"/><counter type="METHOD" missed="1" covered="0"/></method><method name="lambda$createService$0" desc="()Ljava/lang/IllegalArgumentException;" line="22"><counter type="INSTRUCTION" missed="5" covered="0"/><counter type="LINE" missed="1" covered="0"/><counter type="COMPLEXITY" missed="1" covered="0"/><counter type="METHOD" missed="1" covered="0"/></method><counter type="INSTRUCTION" missed="54" covered="321"/><counter type="BRANCH" missed="11" covered="19"/><counter type="LINE" missed="0" covered="26"/><counter type="COMPLEXITY" missed="18" covered="14"/><counter type="METHOD" missed="7" covered="10"/><counter type="CLASS" missed="0" covered="1"/></class><sourcefile name="MarketplaceApplicationService.java"><line nr="17" mi="0" ci="15" mb="0" cb="0"/><line nr="20" mi="0" ci="8" mb="0" cb="2"/><line nr="21" mi="0" ci="14" mb="1" cb="3"/><line nr="22" mi="5" ci="9" mb="0" cb="0"/><line nr="23" mi="0" ci="31" mb="0" cb="0"/><line nr="26" mi="5" ci="8" mb="0" cb="0"/><line nr="27" mi="0" ci="17" mb="1" cb="3"/><line nr="28" mi="9" ci="44" mb="3" cb="3"/><line nr="31" mi="5" ci="8" mb="0" cb="0"/><line nr="32" mi="5" ci="10" mb="2" cb="2"/><line nr="33" mi="0" ci="33" mb="0" cb="0"/><line nr="34" mi="0" ci="1" mb="0" cb="0"/><line nr="36" mi="5" ci="8" mb="0" cb="0"/><line nr="37" mi="0" ci="15" mb="1" cb="3"/><line nr="38" mi="0" ci="6" mb="1" cb="1"/><line nr="39" mi="0" ci="8" mb="0" cb="0"/><line nr="40" mi="0" ci="22" mb="0" cb="0"/><line nr="43" mi="5" ci="8" mb="0" cb="0"/><line nr="44" mi="5" ci="10" mb="2" cb="2"/><line nr="45" mi="5" ci="7" mb="0" cb="0"/><line nr="46" mi="0" ci="4" mb="0" cb="0"/><line nr="47" mi="0" ci="1" mb="0" cb="0"/><line nr="48" mi="0" ci="17" mb="0" cb="0"/><line nr="49" mi="5" ci="8" mb="0" cb="0"/><line nr="50" mi="0" ci="5" mb="0" cb="0"/><line nr="51" mi="0" ci="4" mb="0" cb="0"/><counter type="INSTRUCTION" missed="54" covered="321"/><counter type="BRANCH" missed="11" covered="19"/><counter type="LINE" missed="0" covered="26"/><counter type="COMPLEXITY" missed="18" covered="14"/><counter type="METHOD" missed="7" covered="10"/><counter type="CLASS" missed="0" covered="1"/></sourcefile><counter type="INSTRUCTION" missed="54" covered="321"/><counter type="BRANCH" missed="11" covered="19"/><counter type="LINE" missed="0" covered="26"/><counter type="COMPLEXITY" missed="18" covered="14"/><counter type="METHOD" missed="7" covered="10"/><counter type="CLASS" missed="0" covered="1"/></package><counter type="INSTRUCTION" missed="54" covered="321"/><counter type="BRANCH" missed="11" covered="19"/><counter type="LINE" missed="0" covered="26"/><counter type="COMPLEXITY" missed="18" covered="14"/><counter type="METHOD" missed="7" covered="10"/><counter type="CLASS" missed="0" covered="1"/></report>